Determining if the pthread_create exist failed with the following output:
Change Dir: /vagrant/server/build/CMakeFiles/CMakeTmp

Run Build Command:/usr/bin/make "cmTryCompileExec3809798324/fast"
/usr/bin/make -f CMakeFiles/cmTryCompileExec3809798324.dir/build.make CMakeFiles/cmTryCompileExec3809798324.dir/build
make[1]: Entering directory `/vagrant/server/build/CMakeFiles/CMakeTmp'
/usr/bin/cmake -E cmake_progress_report /vagrant/server/build/CMakeFiles/CMakeTmp/CMakeFiles 1
Building C object CMakeFiles/cmTryCompileExec3809798324.dir/CheckSymbolExists.c.o
/usr/bin/cc    -o CMakeFiles/cmTryCompileExec3809798324.dir/CheckSymbolExists.c.o   -c /vagrant/server/build/CMakeFiles/CMakeTmp/CheckSymbolExists.c
Linking C executable cmTryCompileExec3809798324
/usr/bin/cmake -E cmake_link_script CMakeFiles/cmTryCompileExec3809798324.dir/link.txt --verbose=1
/usr/bin/cc       CMakeFiles/cmTryCompileExec3809798324.dir/CheckSymbolExists.c.o  -o cmTryCompileExec3809798324 -rdynamic 
CMakeFiles/cmTryCompileExec3809798324.dir/CheckSymbolExists.c.o: In function `main':
CheckSymbolExists.c:(.text+0x16): undefined reference to `pthread_create'
collect2: error: ld returned 1 exit status
make[1]: *** [cmTryCompileExec3809798324] Error 1
make[1]: Leaving directory `/vagrant/server/build/CMakeFiles/CMakeTmp'
make: *** [cmTryCompileExec3809798324/fast] Error 2

File /vagrant/server/build/CMakeFiles/CMakeTmp/CheckSymbolExists.c:
/* */
#include <pthread.h>

int main(int argc, char** argv)
{
  (void)argv;
#ifndef pthread_create
  return ((int*)(&pthread_create))[argc];
#else
  (void)argc;
  return 0;
#endif
}

Determining if the function pthread_create exists in the pthreads failed with the following output:
Change Dir: /vagrant/server/build/CMakeFiles/CMakeTmp

Run Build Command:/usr/bin/make "cmTryCompileExec1223263946/fast"
/usr/bin/make -f CMakeFiles/cmTryCompileExec1223263946.dir/build.make CMakeFiles/cmTryCompileExec1223263946.dir/build
make[1]: Entering directory `/vagrant/server/build/CMakeFiles/CMakeTmp'
/usr/bin/cmake -E cmake_progress_report /vagrant/server/build/CMakeFiles/CMakeTmp/CMakeFiles 1
Building C object CMakeFiles/cmTryCompileExec1223263946.dir/CheckFunctionExists.c.o
/usr/bin/cc   -DCHECK_FUNCTION_EXISTS=pthread_create   -o CMakeFiles/cmTryCompileExec1223263946.dir/CheckFunctionExists.c.o   -c /usr/share/cmake-2.8/Modules/CheckFunctionExists.c
Linking C executable cmTryCompileExec1223263946
/usr/bin/cmake -E cmake_link_script CMakeFiles/cmTryCompileExec1223263946.dir/link.txt --verbose=1
/usr/bin/cc   -DCHECK_FUNCTION_EXISTS=pthread_create    CMakeFiles/cmTryCompileExec1223263946.dir/CheckFunctionExists.c.o  -o cmTryCompileExec1223263946 -rdynamic -lpthreads 
/usr/bin/ld: cannot find -lpthreads
collect2: error: ld returned 1 exit status
make[1]: *** [cmTryCompileExec1223263946] Error 1
make[1]: Leaving directory `/vagrant/server/build/CMakeFiles/CMakeTmp'
make: *** [cmTryCompileExec1223263946/fast] Error 2


